  [1m[35m (139.0ms)[0m  [1m[35mCREATE DATABASE "HW5_development" ENCODING = 'unicode'[0m
  [1m[35m (43.5ms)[0m  [1m[35mCREATE DATABASE "HW5_test" ENCODING = 'unicode'[0m
  [1m[35m (8.6ms)[0m  [1m[35mCREATE TABLE "schema_migrations" ("version" character varying NOT NULL PRIMARY KEY)[0m
  [1m[35m (3.8ms)[0m  [1m[35mCREATE TABLE "ar_internal_metadata" ("key" character varying NOT NULL PRIMARY KEY, "value" character varying, "created_at" timestamp(6) NOT NULL, "updated_at" timestamp(6) NOT NULL)[0m
  [1m[35m (0.7ms)[0m  [1m[34mSELECT pg_try_advisory_lock(3843465698541818475)[0m
  [1m[36mActiveRecord::SchemaMigration Pluck (1.0ms)[0m  [1m[34mSELECT "schema_migrations"."version" FROM "schema_migrations" ORDER BY "schema_migrations"."version" ASC[0m
Migrating to CreateArticles (20221120104441)
  [1m[36mTRANSACTION (0.1ms)[0m  [1m[35mBEGIN[0m
  [1m[35m (5.3ms)[0m  [1m[35mCREATE TABLE "articles" ("id" bigserial primary key, "title" character varying, "body" text, "created_at" timestamp(6) NOT NULL, "updated_at" timestamp(6) NOT NULL)[0m
  [1m[36mActiveRecord::SchemaMigration Create (0.5ms)[0m  [1m[32mINSERT INTO "schema_migrations" ("version") VALUES ($1) RETURNING "version"[0m  [["version", "20221120104441"]]
  [1m[36mTRANSACTION (0.5ms)[0m  [1m[35mCOMMIT[0m
  [1m[36mActiveRecord::InternalMetadata Load (2.5ms)[0m  [1m[34mSELECT "ar_internal_metadata".* FROM "ar_internal_metadata" WHERE "ar_internal_metadata"."key" = $1 LIMIT $2[0m  [["key", "environment"], ["LIMIT", 1]]
  [1m[36mTRANSACTION (0.2ms)[0m  [1m[35mBEGIN[0m
  [1m[36mActiveRecord::InternalMetadata Create (1.3ms)[0m  [1m[32mINSERT INTO "ar_internal_metadata" ("key", "value", "created_at", "updated_at") VALUES ($1, $2, $3, $4) RETURNING "key"[0m  [["key", "environment"], ["value", "development"], ["created_at", "2022-11-20 10:44:56.849576"], ["updated_at", "2022-11-20 10:44:56.849576"]]
  [1m[36mTRANSACTION (0.2ms)[0m  [1m[35mCOMMIT[0m
  [1m[35m (0.2ms)[0m  [1m[34mSELECT pg_advisory_unlock(3843465698541818475)[0m
  [1m[36mActiveRecord::SchemaMigration Pluck (0.7ms)[0m  [1m[34mSELECT "schema_migrations"."version" FROM "schema_migrations" ORDER BY "schema_migrations"."version" ASC[0m
Started GET "/" for 127.0.0.1 at 2022-11-20 12:58:06 +0200
  [1m[36mActiveRecord::SchemaMigration Pluck (4.2ms)[0m  [1m[34mSELECT "schema_migrations"."version" FROM "schema_migrations" ORDER BY "schema_migrations"."version" ASC[0m
Processing by Rails::WelcomeController#index as HTML
  Rendering /Users/boniole/.rvm/gems/ruby-3.0.0/gems/railties-7.0.4/lib/rails/templates/rails/welcome/index.html.erb
  Rendered /Users/boniole/.rvm/gems/ruby-3.0.0/gems/railties-7.0.4/lib/rails/templates/rails/welcome/index.html.erb (Duration: 1.0ms | Allocations: 740)
Completed 200 OK in 9ms (Views: 3.5ms | ActiveRecord: 0.0ms | Allocations: 6991)


Started GET "/favicon.ico" for 127.0.0.1 at 2022-11-20 12:58:06 +0200
  
ActionController::RoutingError (No route matches [GET] "/favicon.ico"):
  
Started GET "/api/v1/articles" for 127.0.0.1 at 2022-11-20 12:58:18 +0200
Processing by Api::V1::ArticlesController#index as */*
  [1m[36mArticle Load (0.9ms)[0m  [1m[34mSELECT "articles".* FROM "articles"[0m
  ↳ app/controllers/api/v1/articles_controller.rb:8:in `index'
Completed 200 OK in 5ms (Views: 2.7ms | ActiveRecord: 0.9ms | Allocations: 1583)


Started GET "/api/v1" for 127.0.0.1 at 2022-11-20 12:58:25 +0200
  
ActionController::RoutingError (No route matches [GET] "/api/v1"):
  
Started GET "/api/v1/" for 127.0.0.1 at 2022-11-20 12:58:32 +0200
  
ActionController::RoutingError (No route matches [GET] "/api/v1"):
  
Started GET "/api/v1/" for 127.0.0.1 at 2022-11-20 12:59:40 +0200
Processing by Api::V1::ArticlesController#index as */*
  [1m[36mArticle Load (0.4ms)[0m  [1m[34mSELECT "articles".* FROM "articles"[0m
  ↳ app/controllers/api/v1/articles_controller.rb:8:in `index'
Completed 200 OK in 3ms (Views: 1.1ms | ActiveRecord: 0.4ms | Allocations: 1343)


Started GET "/" for 127.0.0.1 at 2022-11-20 12:59:52 +0200
Processing by Rails::WelcomeController#index as */*
  Rendering /Users/boniole/.rvm/gems/ruby-3.0.0/gems/railties-7.0.4/lib/rails/templates/rails/welcome/index.html.erb
  Rendered /Users/boniole/.rvm/gems/ruby-3.0.0/gems/railties-7.0.4/lib/rails/templates/rails/welcome/index.html.erb (Duration: 3.6ms | Allocations: 355)
Completed 200 OK in 7ms (Views: 5.9ms | ActiveRecord: 0.0ms | Allocations: 1230)


Started GET "/" for 127.0.0.1 at 2022-11-20 13:00:34 +0200
Processing by Api::V1::ArticlesController#index as */*
  [1m[36mArticle Load (0.7ms)[0m  [1m[34mSELECT "articles".* FROM "articles"[0m
  ↳ app/controllers/api/v1/articles_controller.rb:8:in `index'
Completed 200 OK in 4ms (Views: 1.7ms | ActiveRecord: 0.7ms | Allocations: 1335)


Started POST "/api/v1/articles" for 127.0.0.1 at 2022-11-20 13:01:56 +0200
Processing by Api::V1::ArticlesController#create as */*
  Parameters: {"title"=>"My title", "body"=>"Its body", "article"=>{"title"=>"My title", "body"=>"Its body"}}
  [1m[36mTRANSACTION (0.2ms)[0m  [1m[35mBEGIN[0m
  ↳ app/controllers/api/v1/articles_controller.rb:20:in `create'
  [1m[36mArticle Create (1.5ms)[0m  [1m[32mINSERT INTO "articles" ("title", "body", "created_at", "updated_at") VALUES ($1, $2, $3, $4) RETURNING "id"[0m  [["title", "My title"], ["body", "Its body"], ["created_at", "2022-11-20 11:01:56.456382"], ["updated_at", "2022-11-20 11:01:56.456382"]]
  ↳ app/controllers/api/v1/articles_controller.rb:20:in `create'
  [1m[36mTRANSACTION (0.3ms)[0m  [1m[35mCOMMIT[0m
  ↳ app/controllers/api/v1/articles_controller.rb:20:in `create'
Completed 500 Internal Server Error in 18ms (ActiveRecord: 7.7ms | Allocations: 18290)


  
NoMethodError (undefined method `article_url' for #<Api::V1::ArticlesController:0x000000000146e0>):
  
app/controllers/api/v1/articles_controller.rb:21:in `create'
Started POST "/api/v1/articles" for 127.0.0.1 at 2022-11-20 13:03:10 +0200
Processing by Api::V1::ArticlesController#create as */*
  Parameters: {"title"=>"My title", "body"=>"Its body", "article"=>{"title"=>"My title", "body"=>"Its body"}}
  [1m[36mTRANSACTION (0.1ms)[0m  [1m[35mBEGIN[0m
  ↳ app/controllers/api/v1/articles_controller.rb:20:in `create'
  [1m[36mArticle Create (0.2ms)[0m  [1m[32mINSERT INTO "articles" ("title", "body", "created_at", "updated_at") VALUES ($1, $2, $3, $4) RETURNING "id"[0m  [["title", "My title"], ["body", "Its body"], ["created_at", "2022-11-20 11:03:10.116512"], ["updated_at", "2022-11-20 11:03:10.116512"]]
  ↳ app/controllers/api/v1/articles_controller.rb:20:in `create'
  [1m[36mTRANSACTION (0.5ms)[0m  [1m[35mCOMMIT[0m
  ↳ app/controllers/api/v1/articles_controller.rb:20:in `create'
Completed 200 OK in 6ms (Views: 0.2ms | ActiveRecord: 4.6ms | Allocations: 3158)


Started GET "/api/v1/articles" for 127.0.0.1 at 2022-11-20 13:03:19 +0200
Processing by Api::V1::ArticlesController#index as */*
  Parameters: {"title"=>"My title", "body"=>"Its body", "article"=>{"title"=>"My title", "body"=>"Its body"}}
  [1m[36mArticle Load (0.4ms)[0m  [1m[34mSELECT "articles".* FROM "articles"[0m
  ↳ app/controllers/api/v1/articles_controller.rb:8:in `index'
Completed 200 OK in 7ms (Views: 5.3ms | ActiveRecord: 0.4ms | Allocations: 944)


Started GET "/api/v1/articles" for 127.0.0.1 at 2022-11-20 13:04:38 +0200
Processing by Api::V1::ArticlesController#index as */*
  Parameters: {"title"=>"My title 2", "body"=>"Its body 2", "article"=>{"title"=>"My title 2", "body"=>"Its body 2"}}
  [1m[36mArticle Load (0.2ms)[0m  [1m[34mSELECT "articles".* FROM "articles"[0m
  ↳ app/controllers/api/v1/articles_controller.rb:8:in `index'
Completed 200 OK in 4ms (Views: 2.0ms | ActiveRecord: 4.2ms | Allocations: 2163)


Started POST "/api/v1/articles" for 127.0.0.1 at 2022-11-20 13:04:42 +0200
Processing by Api::V1::ArticlesController#create as */*
  Parameters: {"title"=>"My title 2", "body"=>"Its body 2", "article"=>{"title"=>"My title 2", "body"=>"Its body 2"}}
  [1m[36mTRANSACTION (0.1ms)[0m  [1m[35mBEGIN[0m
  ↳ app/controllers/api/v1/articles_controller.rb:20:in `create'
  [1m[36mArticle Create (0.3ms)[0m  [1m[32mINSERT INTO "articles" ("title", "body", "created_at", "updated_at") VALUES ($1, $2, $3, $4) RETURNING "id"[0m  [["title", "My title 2"], ["body", "Its body 2"], ["created_at", "2022-11-20 11:04:42.783848"], ["updated_at", "2022-11-20 11:04:42.783848"]]
  ↳ app/controllers/api/v1/articles_controller.rb:20:in `create'
  [1m[36mTRANSACTION (0.6ms)[0m  [1m[35mCOMMIT[0m
  ↳ app/controllers/api/v1/articles_controller.rb:20:in `create'
Completed 201 Created in 4ms (Views: 0.2ms | ActiveRecord: 1.0ms | Allocations: 1865)


Started GET "/api/v1/articles" for 127.0.0.1 at 2022-11-20 13:04:45 +0200
Processing by Api::V1::ArticlesController#index as */*
  Parameters: {"title"=>"My title 2", "body"=>"Its body 2", "article"=>{"title"=>"My title 2", "body"=>"Its body 2"}}
  [1m[36mArticle Load (1.1ms)[0m  [1m[34mSELECT "articles".* FROM "articles"[0m
  ↳ app/controllers/api/v1/articles_controller.rb:8:in `index'
Completed 200 OK in 5ms (Views: 3.2ms | ActiveRecord: 1.1ms | Allocations: 903)


Started PATCH "/api/v1/articles/3" for 127.0.0.1 at 2022-11-20 13:04:57 +0200
Processing by Api::V1::ArticlesController#update as */*
  Parameters: {"title"=>"My title 3", "body"=>"Its body 3", "id"=>"3", "article"=>{"title"=>"My title 3", "body"=>"Its body 3"}}
  [1m[36mArticle Load (1.9ms)[0m  [1m[34mSELECT "articles".* FROM "articles" WHERE "articles"."id" = $1 LIMIT $2[0m  [["id", 3], ["LIMIT", 1]]
  ↳ app/controllers/api/v1/articles_controller.rb:44:in `set_article'
  [1m[36mTRANSACTION (0.2ms)[0m  [1m[35mBEGIN[0m
  ↳ app/controllers/api/v1/articles_controller.rb:29:in `update'
  [1m[36mArticle Update (1.2ms)[0m  [1m[33mUPDATE "articles" SET "title" = $1, "body" = $2, "updated_at" = $3 WHERE "articles"."id" = $4[0m  [["title", "My title 3"], ["body", "Its body 3"], ["updated_at", "2022-11-20 11:04:57.480057"], ["id", 3]]
  ↳ app/controllers/api/v1/articles_controller.rb:29:in `update'
  [1m[36mTRANSACTION (0.5ms)[0m  [1m[35mCOMMIT[0m
  ↳ app/controllers/api/v1/articles_controller.rb:29:in `update'
Completed 200 OK in 20ms (Views: 0.2ms | ActiveRecord: 5.8ms | Allocations: 3219)


Started GET "/api/v1/articles/3" for 127.0.0.1 at 2022-11-20 13:05:02 +0200
Processing by Api::V1::ArticlesController#show as */*
  Parameters: {"title"=>"My title 3", "body"=>"Its body 3", "id"=>"3", "article"=>{"title"=>"My title 3", "body"=>"Its body 3"}}
  [1m[36mArticle Load (0.3ms)[0m  [1m[34mSELECT "articles".* FROM "articles" WHERE "articles"."id" = $1 LIMIT $2[0m  [["id", 3], ["LIMIT", 1]]
  ↳ app/controllers/api/v1/articles_controller.rb:44:in `set_article'
Completed 200 OK in 5ms (Views: 0.5ms | ActiveRecord: 0.3ms | Allocations: 607)


Started DELETE "/api/v1/articles/3" for 127.0.0.1 at 2022-11-20 13:05:09 +0200
Processing by Api::V1::ArticlesController#destroy as */*
  Parameters: {"title"=>"My title 3", "body"=>"Its body 3", "id"=>"3", "article"=>{"title"=>"My title 3", "body"=>"Its body 3"}}
  [1m[36mArticle Load (0.6ms)[0m  [1m[34mSELECT "articles".* FROM "articles" WHERE "articles"."id" = $1 LIMIT $2[0m  [["id", 3], ["LIMIT", 1]]
  ↳ app/controllers/api/v1/articles_controller.rb:44:in `set_article'
  [1m[36mTRANSACTION (0.2ms)[0m  [1m[35mBEGIN[0m
  ↳ app/controllers/api/v1/articles_controller.rb:38:in `destroy'
  [1m[36mArticle Destroy (1.7ms)[0m  [1m[31mDELETE FROM "articles" WHERE "articles"."id" = $1[0m  [["id", 3]]
  ↳ app/controllers/api/v1/articles_controller.rb:38:in `destroy'
  [1m[36mTRANSACTION (0.4ms)[0m  [1m[35mCOMMIT[0m
  ↳ app/controllers/api/v1/articles_controller.rb:38:in `destroy'
Completed 204 No Content in 8ms (ActiveRecord: 3.0ms | Allocations: 1846)


Started GET "/api/v1/articles/3" for 127.0.0.1 at 2022-11-20 13:05:12 +0200
Processing by Api::V1::ArticlesController#show as */*
  Parameters: {"title"=>"My title 3", "body"=>"Its body 3", "id"=>"3", "article"=>{"title"=>"My title 3", "body"=>"Its body 3"}}
  [1m[36mArticle Load (0.3ms)[0m  [1m[34mSELECT "articles".* FROM "articles" WHERE "articles"."id" = $1 LIMIT $2[0m  [["id", 3], ["LIMIT", 1]]
  ↳ app/controllers/api/v1/articles_controller.rb:44:in `set_article'
Completed 404 Not Found in 7ms (ActiveRecord: 0.3ms | Allocations: 529)


  
ActiveRecord::RecordNotFound (Couldn't find Article with 'id'=3):
  
app/controllers/api/v1/articles_controller.rb:44:in `set_article'
Started GET "/api/v1/articles" for 127.0.0.1 at 2022-11-20 13:05:16 +0200
Processing by Api::V1::ArticlesController#index as */*
  Parameters: {"title"=>"My title 3", "body"=>"Its body 3", "article"=>{"title"=>"My title 3", "body"=>"Its body 3"}}
  [1m[36mArticle Load (0.5ms)[0m  [1m[34mSELECT "articles".* FROM "articles"[0m
  ↳ app/controllers/api/v1/articles_controller.rb:8:in `index'
Completed 200 OK in 12ms (Views: 11.4ms | ActiveRecord: 0.5ms | Allocations: 812)


Started GET "/" for 127.0.0.1 at 2022-11-20 13:41:01 +0200
  [1m[36mActiveRecord::SchemaMigration Pluck (0.6ms)[0m  [1m[34mSELECT "schema_migrations"."version" FROM "schema_migrations" ORDER BY "schema_migrations"."version" ASC[0m
Processing by Rails::WelcomeController#index as HTML
  Rendering /Users/boniole/.rvm/gems/ruby-3.0.0/gems/railties-7.0.4/lib/rails/templates/rails/welcome/index.html.erb
  Rendered /Users/boniole/.rvm/gems/ruby-3.0.0/gems/railties-7.0.4/lib/rails/templates/rails/welcome/index.html.erb (Duration: 0.9ms | Allocations: 633)
Completed 200 OK in 7ms (Views: 2.7ms | ActiveRecord: 0.0ms | Allocations: 5699)


Started GET "/" for 127.0.0.1 at 2022-11-20 13:46:46 +0200
  [1m[36mActiveRecord::SchemaMigration Pluck (0.5ms)[0m  [1m[34mSELECT "schema_migrations"."version" FROM "schema_migrations" ORDER BY "schema_migrations"."version" ASC[0m
Processing by Rails::WelcomeController#index as HTML
  Rendering /Users/boniole/.rvm/gems/ruby-3.0.0/gems/railties-7.0.4/lib/rails/templates/rails/welcome/index.html.erb
  Rendered /Users/boniole/.rvm/gems/ruby-3.0.0/gems/railties-7.0.4/lib/rails/templates/rails/welcome/index.html.erb (Duration: 1.1ms | Allocations: 633)
Completed 200 OK in 7ms (Views: 3.2ms | ActiveRecord: 0.0ms | Allocations: 5696)


Started GET "/" for 127.0.0.1 at 2022-11-20 13:46:48 +0200
Processing by Rails::WelcomeController#index as HTML
  Rendering /Users/boniole/.rvm/gems/ruby-3.0.0/gems/railties-7.0.4/lib/rails/templates/rails/welcome/index.html.erb
  Rendered /Users/boniole/.rvm/gems/ruby-3.0.0/gems/railties-7.0.4/lib/rails/templates/rails/welcome/index.html.erb (Duration: 0.9ms | Allocations: 356)
Completed 200 OK in 3ms (Views: 2.2ms | ActiveRecord: 0.0ms | Allocations: 1195)


Started GET "/api-docs" for 127.0.0.1 at 2022-11-20 13:46:51 +0200
  
ActionController::RoutingError (No route matches [GET] "/api-docs"):
  
Started GET "/api-docs" for 127.0.0.1 at 2022-11-20 13:51:51 +0200
  [1m[36mActiveRecord::SchemaMigration Pluck (0.6ms)[0m  [1m[34mSELECT "schema_migrations"."version" FROM "schema_migrations" ORDER BY "schema_migrations"."version" ASC[0m
Started GET "/api-docs/index.html" for 127.0.0.1 at 2022-11-20 13:51:51 +0200
Started GET "/api-docs/swagger-ui.css" for 127.0.0.1 at 2022-11-20 13:51:51 +0200
Started GET "/api-docs/swagger-ui-bundle.js" for 127.0.0.1 at 2022-11-20 13:51:51 +0200
Started GET "/api-docs/swagger-ui-standalone-preset.js" for 127.0.0.1 at 2022-11-20 13:51:51 +0200
Started GET "/api-docs/v1/swagger.yaml" for 127.0.0.1 at 2022-11-20 13:51:52 +0200
Started GET "/api-docs/favicon-16x16.png" for 127.0.0.1 at 2022-11-20 13:51:52 +0200
Started GET "/api-docs/favicon-32x32.png" for 127.0.0.1 at 2022-11-20 13:51:52 +0200
Started GET "/api-docs/index.html" for 127.0.0.1 at 2022-11-20 13:57:50 +0200
  [1m[36mActiveRecord::SchemaMigration Pluck (0.5ms)[0m  [1m[34mSELECT "schema_migrations"."version" FROM "schema_migrations" ORDER BY "schema_migrations"."version" ASC[0m
Started GET "/api-docs/swagger-ui.css" for 127.0.0.1 at 2022-11-20 13:57:50 +0200
Started GET "/api-docs/swagger-ui-bundle.js" for 127.0.0.1 at 2022-11-20 13:57:50 +0200
Started GET "/api-docs/swagger-ui-standalone-preset.js" for 127.0.0.1 at 2022-11-20 13:57:50 +0200
Started GET "/api-docs/v1/swagger.yaml" for 127.0.0.1 at 2022-11-20 13:57:50 +0200
Started GET "/" for 127.0.0.1 at 2022-11-22 18:58:06 +0200
  [1m[36mActiveRecord::SchemaMigration Pluck (0.9ms)[0m  [1m[34mSELECT "schema_migrations"."version" FROM "schema_migrations" ORDER BY "schema_migrations"."version" ASC[0m
Processing by Rails::WelcomeController#index as HTML
  Rendering /Users/boniole/.rvm/gems/ruby-3.0.0/gems/railties-7.0.4/lib/rails/templates/rails/welcome/index.html.erb
  Rendered /Users/boniole/.rvm/gems/ruby-3.0.0/gems/railties-7.0.4/lib/rails/templates/rails/welcome/index.html.erb (Duration: 0.9ms | Allocations: 634)
Completed 200 OK in 8ms (Views: 2.8ms | ActiveRecord: 0.0ms | Allocations: 5697)


Started GET "/favicon.ico" for 127.0.0.1 at 2022-11-22 18:58:06 +0200
  
ActionController::RoutingError (No route matches [GET] "/favicon.ico"):
  
Started GET "/" for 127.0.0.1 at 2022-11-22 18:58:09 +0200
Processing by Rails::WelcomeController#index as HTML
  Rendering /Users/boniole/.rvm/gems/ruby-3.0.0/gems/railties-7.0.4/lib/rails/templates/rails/welcome/index.html.erb
  Rendered /Users/boniole/.rvm/gems/ruby-3.0.0/gems/railties-7.0.4/lib/rails/templates/rails/welcome/index.html.erb (Duration: 0.4ms | Allocations: 356)
Completed 200 OK in 1ms (Views: 0.9ms | ActiveRecord: 0.0ms | Allocations: 1193)


Started GET "/api-docs" for 127.0.0.1 at 2022-11-22 18:58:10 +0200
Started GET "/api-docs/index.html" for 127.0.0.1 at 2022-11-22 18:58:10 +0200
Started GET "/api-docs/swagger-ui.css" for 127.0.0.1 at 2022-11-22 18:58:10 +0200
Started GET "/api-docs/swagger-ui-bundle.js" for 127.0.0.1 at 2022-11-22 18:58:10 +0200
Started GET "/api-docs/swagger-ui-standalone-preset.js" for 127.0.0.1 at 2022-11-22 18:58:10 +0200
Started GET "/api-docs/v1/swagger.yaml" for 127.0.0.1 at 2022-11-22 18:58:11 +0200
Started GET "/api-docs/favicon-16x16.png" for 127.0.0.1 at 2022-11-22 18:58:11 +0200
Started GET "/api-docs/favicon-32x32.png" for 127.0.0.1 at 2022-11-22 18:58:11 +0200
Started GET "/api-docs/index.html" for 127.0.0.1 at 2022-11-22 19:00:13 +0200
  [1m[36mActiveRecord::SchemaMigration Pluck (0.6ms)[0m  [1m[34mSELECT "schema_migrations"."version" FROM "schema_migrations" ORDER BY "schema_migrations"."version" ASC[0m
Started GET "/api-docs/swagger-ui.css" for 127.0.0.1 at 2022-11-22 19:00:13 +0200
Started GET "/api-docs/swagger-ui-bundle.js" for 127.0.0.1 at 2022-11-22 19:00:13 +0200
Started GET "/api-docs/swagger-ui-standalone-preset.js" for 127.0.0.1 at 2022-11-22 19:00:13 +0200
Started GET "/api-docs/v1/swagger.yaml" for 127.0.0.1 at 2022-11-22 19:00:13 +0200
Started GET "/api/v1" for 127.0.0.1 at 2022-11-22 19:00:29 +0200
Processing by Api::V1::ArticlesController#index as */*
  [1m[36mArticle Load (1.3ms)[0m  [1m[34mSELECT "articles".* FROM "articles"[0m
  ↳ app/controllers/api/v1/articles_controller.rb:8:in `index'
Completed 200 OK in 29ms (Views: 7.0ms | ActiveRecord: 9.1ms | Allocations: 29802)


Started GET "/api/v1" for 127.0.0.1 at 2022-11-22 19:00:30 +0200
Processing by Api::V1::ArticlesController#index as */*
  [1m[36mArticle Load (3.9ms)[0m  [1m[34mSELECT "articles".* FROM "articles"[0m
  ↳ app/controllers/api/v1/articles_controller.rb:8:in `index'
Completed 200 OK in 12ms (Views: 7.6ms | ActiveRecord: 3.9ms | Allocations: 828)


Started GET "/api/v1" for 127.0.0.1 at 2022-11-22 23:17:29 +0200
Processing by Api::V1::ArticlesController#index as */*
  [1m[36mArticle Load (0.8ms)[0m  [1m[34mSELECT "articles".* FROM "articles"[0m
  ↳ app/controllers/api/v1/articles_controller.rb:8:in `index'
Completed 200 OK in 44ms (Views: 42.8ms | ActiveRecord: 22.6ms | Allocations: 3733)


Started GET "/api/v1/articles" for 127.0.0.1 at 2022-11-22 23:17:36 +0200
Processing by Api::V1::ArticlesController#index as */*
  [1m[36mArticle Load (0.4ms)[0m  [1m[34mSELECT "articles".* FROM "articles"[0m
  ↳ app/controllers/api/v1/articles_controller.rb:8:in `index'
Completed 200 OK in 8ms (Views: 7.3ms | ActiveRecord: 0.4ms | Allocations: 827)


Started GET "/api/v1/articles/1" for 127.0.0.1 at 2022-11-22 23:17:57 +0200
Processing by Api::V1::ArticlesController#show as */*
  Parameters: {"id"=>"1"}
  [1m[36mArticle Load (0.3ms)[0m  [1m[34mSELECT "articles".* FROM "articles" WHERE "articles"."id" = $1 LIMIT $2[0m  [["id", 1], ["LIMIT", 1]]
  ↳ app/controllers/api/v1/articles_controller.rb:44:in `set_article'
Completed 200 OK in 25ms (Views: 0.4ms | ActiveRecord: 0.5ms | Allocations: 2593)


Started GET "/" for 127.0.0.1 at 2022-11-28 15:04:52 +0200
  [1m[36mActiveRecord::SchemaMigration Pluck (1.8ms)[0m  [1m[34mSELECT "schema_migrations"."version" FROM "schema_migrations" ORDER BY "schema_migrations"."version" ASC[0m
Processing by Rails::WelcomeController#index as HTML
  Rendering /Users/boniole/.rvm/gems/ruby-3.0.0/gems/railties-7.0.4/lib/rails/templates/rails/welcome/index.html.erb
  Rendered /Users/boniole/.rvm/gems/ruby-3.0.0/gems/railties-7.0.4/lib/rails/templates/rails/welcome/index.html.erb (Duration: 0.9ms | Allocations: 634)
Completed 200 OK in 7ms (Views: 2.7ms | ActiveRecord: 0.0ms | Allocations: 5697)


Started GET "/favicon.ico" for 127.0.0.1 at 2022-11-28 15:04:52 +0200
  
ActionController::RoutingError (No route matches [GET] "/favicon.ico"):
  
Started GET "/" for 127.0.0.1 at 2022-11-28 15:04:55 +0200
Processing by Rails::WelcomeController#index as HTML
  Rendering /Users/boniole/.rvm/gems/ruby-3.0.0/gems/railties-7.0.4/lib/rails/templates/rails/welcome/index.html.erb
  Rendered /Users/boniole/.rvm/gems/ruby-3.0.0/gems/railties-7.0.4/lib/rails/templates/rails/welcome/index.html.erb (Duration: 0.9ms | Allocations: 356)
Completed 200 OK in 3ms (Views: 2.3ms | ActiveRecord: 0.0ms | Allocations: 1193)


Started GET "/api-docs/index.html" for 127.0.0.1 at 2022-11-28 15:04:56 +0200
Started GET "/api-docs/swagger-ui.css" for 127.0.0.1 at 2022-11-28 15:04:56 +0200
Started GET "/api-docs/swagger-ui-standalone-preset.js" for 127.0.0.1 at 2022-11-28 15:04:56 +0200
Started GET "/api-docs/swagger-ui-bundle.js" for 127.0.0.1 at 2022-11-28 15:04:56 +0200
Started GET "/api-docs/v1/swagger.yaml" for 127.0.0.1 at 2022-11-28 15:04:57 +0200
Started GET "/api-docs/favicon-32x32.png" for 127.0.0.1 at 2022-11-28 15:04:57 +0200
Started GET "/api-docs/favicon-16x16.png" for 127.0.0.1 at 2022-11-28 15:04:57 +0200
Started GET "/api-docs/index.html" for 127.0.0.1 at 2022-11-28 15:07:06 +0200
Started GET "/apple-touch-icon-precomposed.png" for 127.0.0.1 at 2022-11-28 15:07:06 +0200
  
ActionController::RoutingError (No route matches [GET] "/apple-touch-icon-precomposed.png"):
  
Started GET "/apple-touch-icon.png" for 127.0.0.1 at 2022-11-28 15:07:06 +0200
  
ActionController::RoutingError (No route matches [GET] "/apple-touch-icon.png"):
  
Started GET "/api-docs/favicon-32x32.png" for 127.0.0.1 at 2022-11-28 15:07:06 +0200
Started GET "/api-docs/index.html" for 127.0.0.1 at 2022-11-28 15:07:06 +0200
Started GET "/apple-touch-icon-precomposed.png" for 127.0.0.1 at 2022-11-28 15:07:06 +0200
  
ActionController::RoutingError (No route matches [GET] "/apple-touch-icon-precomposed.png"):
  
Started GET "/apple-touch-icon.png" for 127.0.0.1 at 2022-11-28 15:07:06 +0200
  
ActionController::RoutingError (No route matches [GET] "/apple-touch-icon.png"):
  
Started GET "/api-docs/favicon-32x32.png" for 127.0.0.1 at 2022-11-28 15:07:06 +0200
  [1m[35m (3.3ms)[0m  [1m[35mCREATE DATABASE "HW5_development" ENCODING = 'unicode'[0m
  [1m[35m (0.2ms)[0m  [1m[35mCREATE DATABASE "HW5_test" ENCODING = 'unicode'[0m
  [1m[35m (0.7ms)[0m  [1m[34mSELECT pg_try_advisory_lock(3843465698541818475)[0m
  [1m[36mActiveRecord::SchemaMigration Pluck (0.5ms)[0m  [1m[34mSELECT "schema_migrations"."version" FROM "schema_migrations" ORDER BY "schema_migrations"."version" ASC[0m
Migrating to CreateComments (20221128132349)
  [1m[36mTRANSACTION (0.1ms)[0m  [1m[35mBEGIN[0m
  [1m[35m (22.2ms)[0m  [1m[35mCREATE TABLE "comments" ("id" bigserial primary key, "body" character varying, "status" integer, "author_id_id" bigint NOT NULL, "post_id_id" bigint NOT NULL, "created_at" timestamp(6) NOT NULL, "updated_at" timestamp(6) NOT NULL, CONSTRAINT "fk_rails_0f6a9172bf"
FOREIGN KEY ("author_id_id")
  REFERENCES "author_ids" ("id")
, CONSTRAINT "fk_rails_24bfaec319"
FOREIGN KEY ("post_id_id")
  REFERENCES "post_ids" ("id")
)[0m
  [1m[36mTRANSACTION (0.1ms)[0m  [1m[31mROLLBACK[0m
  [1m[35m (0.1ms)[0m  [1m[34mSELECT pg_advisory_unlock(3843465698541818475)[0m
  [1m[35m (0.1ms)[0m  [1m[34mSELECT pg_try_advisory_lock(3843465698541818475)[0m
  [1m[36mActiveRecord::SchemaMigration Pluck (0.7ms)[0m  [1m[34mSELECT "schema_migrations"."version" FROM "schema_migrations" ORDER BY "schema_migrations"."version" ASC[0m
Migrating to CreateComments (20221128132349)
  [1m[36mTRANSACTION (0.1ms)[0m  [1m[35mBEGIN[0m
  [1m[35m (7.7ms)[0m  [1m[35mCREATE TABLE "comments" ("id" bigserial primary key, "body" character varying, "status" integer, "author_id" bigint NOT NULL, "article_id" bigint NOT NULL, "created_at" timestamp(6) NOT NULL, "updated_at" timestamp(6) NOT NULL, CONSTRAINT "fk_rails_f44b1e3c8a"
FOREIGN KEY ("author_id")
  REFERENCES "authors" ("id")
, CONSTRAINT "fk_rails_3bf61a60d3"
FOREIGN KEY ("article_id")
  REFERENCES "articles" ("id")
)[0m
  [1m[36mTRANSACTION (0.1ms)[0m  [1m[31mROLLBACK[0m
  [1m[35m (0.2ms)[0m  [1m[34mSELECT pg_advisory_unlock(3843465698541818475)[0m
  [1m[35m (0.1ms)[0m  [1m[34mSELECT pg_try_advisory_lock(3843465698541818475)[0m
  [1m[36mActiveRecord::SchemaMigration Pluck (0.5ms)[0m  [1m[34mSELECT "schema_migrations"."version" FROM "schema_migrations" ORDER BY "schema_migrations"."version" ASC[0m
Migrating to CreateComments (20221128132349)
  [1m[36mTRANSACTION (0.2ms)[0m  [1m[35mBEGIN[0m
  [1m[35m (7.7ms)[0m  [1m[35mCREATE TABLE "comments" ("id" bigserial primary key, "body" character varying, "status" integer, "author_id" bigint NOT NULL, "article_id" bigint NOT NULL, "created_at" timestamp(6) NOT NULL, "updated_at" timestamp(6) NOT NULL, CONSTRAINT "fk_rails_f44b1e3c8a"
FOREIGN KEY ("author_id")
  REFERENCES "authors" ("id")
, CONSTRAINT "fk_rails_3bf61a60d3"
FOREIGN KEY ("article_id")
  REFERENCES "articles" ("id")
)[0m
  [1m[36mTRANSACTION (0.1ms)[0m  [1m[31mROLLBACK[0m
  [1m[35m (0.2ms)[0m  [1m[34mSELECT pg_advisory_unlock(3843465698541818475)[0m
  [1m[35m (0.2ms)[0m  [1m[34mSELECT pg_try_advisory_lock(3843465698541818475)[0m
  [1m[36mActiveRecord::SchemaMigration Pluck (1.1ms)[0m  [1m[34mSELECT "schema_migrations"."version" FROM "schema_migrations" ORDER BY "schema_migrations"."version" ASC[0m
Migrating to CreateComments (20221128132349)
  [1m[36mTRANSACTION (0.1ms)[0m  [1m[35mBEGIN[0m
  [1m[35m (7.3ms)[0m  [1m[35mCREATE TABLE "comments" ("id" bigserial primary key, "body" character varying, "status" integer DEFAULT 0, "author_id" bigint NOT NULL, "article_id" bigint NOT NULL, "created_at" timestamp(6) NOT NULL, "updated_at" timestamp(6) NOT NULL, CONSTRAINT "fk_rails_f44b1e3c8a"
FOREIGN KEY ("author_id")
  REFERENCES "authors" ("id")
, CONSTRAINT "fk_rails_3bf61a60d3"
FOREIGN KEY ("article_id")
  REFERENCES "articles" ("id")
)[0m
  [1m[36mTRANSACTION (0.1ms)[0m  [1m[31mROLLBACK[0m
  [1m[35m (0.2ms)[0m  [1m[34mSELECT pg_advisory_unlock(3843465698541818475)[0m
  [1m[35m (0.1ms)[0m  [1m[34mSELECT pg_try_advisory_lock(3843465698541818475)[0m
  [1m[36mActiveRecord::SchemaMigration Pluck (0.7ms)[0m  [1m[34mSELECT "schema_migrations"."version" FROM "schema_migrations" ORDER BY "schema_migrations"."version" ASC[0m
Migrating to CreateComments (20221128132349)
  [1m[36mTRANSACTION (0.1ms)[0m  [1m[35mBEGIN[0m
  [1m[35m (8.0ms)[0m  [1m[35mCREATE TABLE "comments" ("id" bigserial primary key, "body" character varying, "status" integer DEFAULT 0, "author_id" bigint NOT NULL, "article_id" bigint NOT NULL, "created_at" timestamp(6) NOT NULL, "updated_at" timestamp(6) NOT NULL, CONSTRAINT "fk_rails_f44b1e3c8a"
FOREIGN KEY ("author_id")
  REFERENCES "authors" ("id")
, CONSTRAINT "fk_rails_3bf61a60d3"
FOREIGN KEY ("article_id")
  REFERENCES "articles" ("id")
)[0m
  [1m[36mTRANSACTION (0.1ms)[0m  [1m[31mROLLBACK[0m
  [1m[35m (0.3ms)[0m  [1m[34mSELECT pg_advisory_unlock(3843465698541818475)[0m
  [1m[35m (0.1ms)[0m  [1m[34mSELECT pg_try_advisory_lock(3843465698541818475)[0m
  [1m[36mActiveRecord::SchemaMigration Pluck (0.8ms)[0m  [1m[34mSELECT "schema_migrations"."version" FROM "schema_migrations" ORDER BY "schema_migrations"."version" ASC[0m
Migrating to CreateComments (20221128132349)
  [1m[36mTRANSACTION (0.1ms)[0m  [1m[35mBEGIN[0m
  [1m[35m (8.2ms)[0m  [1m[35mCREATE TABLE "comments" ("id" bigserial primary key, "body" character varying, "status" integer DEFAULT 0, "author_id" bigint NOT NULL, "article_id" bigint NOT NULL, "created_at" timestamp(6) NOT NULL, "updated_at" timestamp(6) NOT NULL, CONSTRAINT "fk_rails_f44b1e3c8a"
FOREIGN KEY ("author_id")
  REFERENCES "authors" ("id")
, CONSTRAINT "fk_rails_3bf61a60d3"
FOREIGN KEY ("article_id")
  REFERENCES "articles" ("id")
)[0m
  [1m[36mTRANSACTION (0.1ms)[0m  [1m[31mROLLBACK[0m
  [1m[35m (0.2ms)[0m  [1m[34mSELECT pg_advisory_unlock(3843465698541818475)[0m
  [1m[35m (0.2ms)[0m  [1m[34mSELECT pg_try_advisory_lock(3843465698541818475)[0m
  [1m[36mActiveRecord::SchemaMigration Pluck (0.7ms)[0m  [1m[34mSELECT "schema_migrations"."version" FROM "schema_migrations" ORDER BY "schema_migrations"."version" ASC[0m
Migrating to CreateComments (20221128132349)
  [1m[36mTRANSACTION (0.1ms)[0m  [1m[35mBEGIN[0m
  [1m[35m (8.2ms)[0m  [1m[35mCREATE TABLE "comments" ("id" bigserial primary key, "body" character varying, "status" integer DEFAULT 0, "author_id" bigint NOT NULL, "article_id" bigint NOT NULL, "created_at" timestamp(6) NOT NULL, "updated_at" timestamp(6) NOT NULL, CONSTRAINT "fk_rails_f44b1e3c8a"
FOREIGN KEY ("author_id")
  REFERENCES "authors" ("id")
, CONSTRAINT "fk_rails_3bf61a60d3"
FOREIGN KEY ("article_id")
  REFERENCES "articles" ("id")
)[0m
  [1m[36mTRANSACTION (0.1ms)[0m  [1m[31mROLLBACK[0m
  [1m[35m (0.2ms)[0m  [1m[34mSELECT pg_advisory_unlock(3843465698541818475)[0m
  [1m[35m (0.2ms)[0m  [1m[34mSELECT pg_try_advisory_lock(3843465698541818475)[0m
  [1m[36mActiveRecord::SchemaMigration Pluck (1.5ms)[0m  [1m[34mSELECT "schema_migrations"."version" FROM "schema_migrations" ORDER BY "schema_migrations"."version" ASC[0m
Migrating to CreateComments (20221128132349)
  [1m[36mTRANSACTION (0.1ms)[0m  [1m[35mBEGIN[0m
  [1m[35m (35.8ms)[0m  [1m[35mCREATE TABLE "comments" ("id" bigserial primary key, "body" character varying, "status" integer DEFAULT 0, "author_id" bigint NOT NULL, "article_id" bigint NOT NULL, "created_at" timestamp(6) NOT NULL, "updated_at" timestamp(6) NOT NULL, CONSTRAINT "fk_rails_f44b1e3c8a"
FOREIGN KEY ("author_id")
  REFERENCES "authors" ("id")
, CONSTRAINT "fk_rails_3bf61a60d3"
FOREIGN KEY ("article_id")
  REFERENCES "articles" ("id")
)[0m
  [1m[36mTRANSACTION (0.1ms)[0m  [1m[31mROLLBACK[0m
  [1m[35m (0.4ms)[0m  [1m[34mSELECT pg_advisory_unlock(3843465698541818475)[0m
  [1m[36mActiveRecord::SchemaMigration Pluck (0.6ms)[0m  [1m[34mSELECT "schema_migrations"."version" FROM "schema_migrations" ORDER BY "schema_migrations"."version" ASC[0m
  [1m[36mActiveRecord::InternalMetadata Pluck (1.4ms)[0m  [1m[34mSELECT "ar_internal_metadata"."value" FROM "ar_internal_metadata" WHERE "ar_internal_metadata"."key" = $1 LIMIT $2[0m  [["key", "environment"], ["LIMIT", 1]]
  [1m[36mActiveRecord::SchemaMigration Pluck (0.2ms)[0m  [1m[34mSELECT "schema_migrations"."version" FROM "schema_migrations" ORDER BY "schema_migrations"."version" ASC[0m
  [1m[36mActiveRecord::InternalMetadata Pluck (0.1ms)[0m  [1m[34mSELECT "ar_internal_metadata"."value" FROM "ar_internal_metadata" WHERE "ar_internal_metadata"."key" = $1 LIMIT $2[0m  [["key", "environment"], ["LIMIT", 1]]
  [1m[36mActiveRecord::SchemaMigration Pluck (0.2ms)[0m  [1m[34mSELECT "schema_migrations"."version" FROM "schema_migrations" ORDER BY "schema_migrations"."version" ASC[0m
  [1m[36mActiveRecord::InternalMetadata Pluck (5.2ms)[0m  [1m[34mSELECT "ar_internal_metadata"."value" FROM "ar_internal_metadata" WHERE "ar_internal_metadata"."key" = $1 LIMIT $2[0m  [["key", "environment"], ["LIMIT", 1]]
  [1m[35m (32.3ms)[0m  [1m[35mDROP DATABASE IF EXISTS "HW5_development"[0m
  [1m[35m (23.8ms)[0m  [1m[35mDROP DATABASE IF EXISTS "HW5_test"[0m
  [1m[35m (130.6ms)[0m  [1m[35mCREATE DATABASE "HW6_development" ENCODING = 'unicode'[0m
  [1m[35m (48.1ms)[0m  [1m[35mCREATE DATABASE "HW6_test" ENCODING = 'unicode'[0m
  [1m[35m (39.0ms)[0m  [1m[35mCREATE TABLE "schema_migrations" ("version" character varying NOT NULL PRIMARY KEY)[0m
  [1m[35m (1.3ms)[0m  [1m[35mCREATE TABLE "ar_internal_metadata" ("key" character varying NOT NULL PRIMARY KEY, "value" character varying, "created_at" timestamp(6) NOT NULL, "updated_at" timestamp(6) NOT NULL)[0m
  [1m[35m (0.1ms)[0m  [1m[34mSELECT pg_try_advisory_lock(7244171153499070245)[0m
  [1m[36mActiveRecord::SchemaMigration Pluck (0.2ms)[0m  [1m[34mSELECT "schema_migrations"."version" FROM "schema_migrations" ORDER BY "schema_migrations"."version" ASC[0m
Migrating to CreateArticles (20221120104441)
  [1m[36mTRANSACTION (0.1ms)[0m  [1m[35mBEGIN[0m
  [1m[35m (6.6ms)[0m  [1m[35mCREATE TABLE "articles" ("id" bigserial primary key, "title" character varying, "body" text, "author_id" bigint NOT NULL, "created_at" timestamp(6) NOT NULL, "updated_at" timestamp(6) NOT NULL, CONSTRAINT "fk_rails_e74ce85cbc"
FOREIGN KEY ("author_id")
  REFERENCES "authors" ("id")
)[0m
  [1m[36mTRANSACTION (0.0ms)[0m  [1m[31mROLLBACK[0m
  [1m[35m (0.1ms)[0m  [1m[34mSELECT pg_advisory_unlock(7244171153499070245)[0m
  [1m[35m (0.2ms)[0m  [1m[34mSELECT pg_try_advisory_lock(7244171153499070245)[0m
  [1m[36mActiveRecord::SchemaMigration Pluck (0.9ms)[0m  [1m[34mSELECT "schema_migrations"."version" FROM "schema_migrations" ORDER BY "schema_migrations"."version" ASC[0m
Migrating to CreateArticles (20221120104441)
  [1m[36mTRANSACTION (0.1ms)[0m  [1m[35mBEGIN[0m
  [1m[35m (4.6ms)[0m  [1m[35mCREATE TABLE "articles" ("id" bigserial primary key, "title" character varying, "body" text, "created_at" timestamp(6) NOT NULL, "updated_at" timestamp(6) NOT NULL)[0m
  [1m[36mActiveRecord::SchemaMigration Create (1.8ms)[0m  [1m[32mINSERT INTO "schema_migrations" ("version") VALUES ($1) RETURNING "version"[0m  [["version", "20221120104441"]]
  [1m[36mTRANSACTION (0.7ms)[0m  [1m[35mCOMMIT[0m
Migrating to CreateComments (20221128132349)
  [1m[36mTRANSACTION (0.2ms)[0m  [1m[35mBEGIN[0m
  [1m[35m (13.2ms)[0m  [1m[35mCREATE TABLE "comments" ("id" bigserial primary key, "body" character varying, "status" integer DEFAULT 0, "author_id" bigint NOT NULL, "article_id" bigint NOT NULL, "created_at" timestamp(6) NOT NULL, "updated_at" timestamp(6) NOT NULL, CONSTRAINT "fk_rails_f44b1e3c8a"
FOREIGN KEY ("author_id")
  REFERENCES "authors" ("id")
, CONSTRAINT "fk_rails_3bf61a60d3"
FOREIGN KEY ("article_id")
  REFERENCES "articles" ("id")
)[0m
  [1m[36mTRANSACTION (0.1ms)[0m  [1m[31mROLLBACK[0m
  [1m[35m (0.4ms)[0m  [1m[34mSELECT pg_advisory_unlock(7244171153499070245)[0m
  [1m[35m (0.1ms)[0m  [1m[34mSELECT pg_try_advisory_lock(7244171153499070245)[0m
  [1m[36mActiveRecord::SchemaMigration Pluck (0.5ms)[0m  [1m[34mSELECT "schema_migrations"."version" FROM "schema_migrations" ORDER BY "schema_migrations"."version" ASC[0m
Migrating to CreateAuthors (20221128132607)
  [1m[36mTRANSACTION (0.1ms)[0m  [1m[35mBEGIN[0m
  [1m[35m (5.4ms)[0m  [1m[35mCREATE TABLE "authors" ("id" bigserial primary key, "name" character varying, "created_at" timestamp(6) NOT NULL, "updated_at" timestamp(6) NOT NULL)[0m
  [1m[36mActiveRecord::SchemaMigration Create (0.2ms)[0m  [1m[32mINSERT INTO "schema_migrations" ("version") VALUES ($1) RETURNING "version"[0m  [["version", "20221128132607"]]
  [1m[36mTRANSACTION (8.9ms)[0m  [1m[35mCOMMIT[0m
Migrating to CreateComments (20221128132649)
  [1m[36mTRANSACTION (0.2ms)[0m  [1m[35mBEGIN[0m
  [1m[35m (8.2ms)[0m  [1m[35mCREATE TABLE "comments" ("id" bigserial primary key, "body" character varying, "status" integer DEFAULT 0, "author_id" bigint NOT NULL, "article_id" bigint NOT NULL, "created_at" timestamp(6) NOT NULL, "updated_at" timestamp(6) NOT NULL, CONSTRAINT "fk_rails_f44b1e3c8a"
FOREIGN KEY ("author_id")
  REFERENCES "authors" ("id")
, CONSTRAINT "fk_rails_3bf61a60d3"
FOREIGN KEY ("article_id")
  REFERENCES "articles" ("id")
)[0m
  [1m[35m (2.4ms)[0m  [1m[35mCREATE INDEX "index_comments_on_author_id" ON "comments" ("author_id")[0m
  [1m[35m (2.6ms)[0m  [1m[35mCREATE INDEX "index_comments_on_article_id" ON "comments" ("article_id")[0m
  [1m[36mActiveRecord::SchemaMigration Create (0.2ms)[0m  [1m[32mINSERT INTO "schema_migrations" ("version") VALUES ($1) RETURNING "version"[0m  [["version", "20221128132649"]]
  [1m[36mTRANSACTION (0.3ms)[0m  [1m[35mCOMMIT[0m
Migrating to AddReferenceToArticle (20221128143557)
  [1m[36mTRANSACTION (0.2ms)[0m  [1m[35mBEGIN[0m
  [1m[35m (0.2ms)[0m  [1m[35mALTER TABLE "articles" ADD "author_id" bigint[0m
  [1m[35m (0.9ms)[0m  [1m[35mCREATE INDEX "index_articles_on_author_id" ON "articles" ("author_id")[0m
  [1m[36mActiveRecord::SchemaMigration Create (0.7ms)[0m  [1m[32mINSERT INTO "schema_migrations" ("version") VALUES ($1) RETURNING "version"[0m  [["version", "20221128143557"]]
  [1m[36mTRANSACTION (0.5ms)[0m  [1m[35mCOMMIT[0m
  [1m[36mActiveRecord::InternalMetadata Load (0.8ms)[0m  [1m[34mSELECT "ar_internal_metadata".* FROM "ar_internal_metadata" WHERE "ar_internal_metadata"."key" = $1 LIMIT $2[0m  [["key", "environment"], ["LIMIT", 1]]
  [1m[36mTRANSACTION (0.1ms)[0m  [1m[35mBEGIN[0m
  [1m[36mActiveRecord::InternalMetadata Create (1.2ms)[0m  [1m[32mINSERT INTO "ar_internal_metadata" ("key", "value", "created_at", "updated_at") VALUES ($1, $2, $3, $4) RETURNING "key"[0m  [["key", "environment"], ["value", "development"], ["created_at", "2022-11-28 14:40:41.228716"], ["updated_at", "2022-11-28 14:40:41.228716"]]
  [1m[36mTRANSACTION (0.2ms)[0m  [1m[35mCOMMIT[0m
  [1m[35m (1.1ms)[0m  [1m[34mSELECT pg_advisory_unlock(7244171153499070245)[0m
  [1m[36mActiveRecord::SchemaMigration Pluck (0.6ms)[0m  [1m[34mSELECT "schema_migrations"."version" FROM "schema_migrations" ORDER BY "schema_migrations"."version" ASC[0m
  [1m[35m (0.1ms)[0m  [1m[34mSELECT pg_try_advisory_lock(7244171153499070245)[0m
  [1m[36mActiveRecord::SchemaMigration Pluck (0.7ms)[0m  [1m[34mSELECT "schema_migrations"."version" FROM "schema_migrations" ORDER BY "schema_migrations"."version" ASC[0m
  [1m[36mActiveRecord::InternalMetadata Load (0.4ms)[0m  [1m[34mSELECT "ar_internal_metadata".* FROM "ar_internal_metadata" WHERE "ar_internal_metadata"."key" = $1 LIMIT $2[0m  [["key", "environment"], ["LIMIT", 1]]
  [1m[35m (0.1ms)[0m  [1m[34mSELECT pg_advisory_unlock(7244171153499070245)[0m
  [1m[36mActiveRecord::SchemaMigration Pluck (0.6ms)[0m  [1m[34mSELECT "schema_migrations"."version" FROM "schema_migrations" ORDER BY "schema_migrations"."version" ASC[0m
Started GET "/api-docs/index.html" for 127.0.0.1 at 2022-11-28 21:29:19 +0200
  [1m[36mActiveRecord::SchemaMigration Pluck (0.6ms)[0m  [1m[34mSELECT "schema_migrations"."version" FROM "schema_migrations" ORDER BY "schema_migrations"."version" ASC[0m
Started GET "/api-docs/swagger-ui.css" for 127.0.0.1 at 2022-11-28 21:29:19 +0200
Started GET "/api-docs/swagger-ui-bundle.js" for 127.0.0.1 at 2022-11-28 21:29:19 +0200
Started GET "/api-docs/swagger-ui-standalone-preset.js" for 127.0.0.1 at 2022-11-28 21:29:19 +0200
Started GET "/api-docs/v1/swagger.yaml" for 127.0.0.1 at 2022-11-28 21:29:19 +0200
Started GET "/apple-touch-icon-precomposed.png" for 127.0.0.1 at 2022-11-28 21:29:19 +0200
  
ActionController::RoutingError (No route matches [GET] "/apple-touch-icon-precomposed.png"):
  
Started GET "/apple-touch-icon.png" for 127.0.0.1 at 2022-11-28 21:29:19 +0200
  
ActionController::RoutingError (No route matches [GET] "/apple-touch-icon.png"):
  
Started GET "/api-docs/index.html" for 127.0.0.1 at 2022-11-28 21:29:26 +0200
Started GET "/api-docs/swagger-ui.css" for 127.0.0.1 at 2022-11-28 21:29:26 +0200
Started GET "/api-docs/swagger-ui-bundle.js" for 127.0.0.1 at 2022-11-28 21:29:26 +0200
Started GET "/api-docs/swagger-ui-standalone-preset.js" for 127.0.0.1 at 2022-11-28 21:29:26 +0200
Started GET "/api-docs/v1/swagger.yaml" for 127.0.0.1 at 2022-11-28 21:29:26 +0200
Started GET "/api-docs/index.html" for 127.0.0.1 at 2022-11-28 21:30:17 +0200
  [1m[36mActiveRecord::SchemaMigration Pluck (0.5ms)[0m  [1m[34mSELECT "schema_migrations"."version" FROM "schema_migrations" ORDER BY "schema_migrations"."version" ASC[0m
Started GET "/api-docs/favicon-16x16.png" for 127.0.0.1 at 2022-11-28 21:30:17 +0200
Started GET "/api-docs/favicon-32x32.png" for 127.0.0.1 at 2022-11-28 21:30:17 +0200
Started GET "/api-docs/swagger-ui-standalone-preset.js" for 127.0.0.1 at 2022-11-28 21:30:17 +0200
Started GET "/api-docs/swagger-ui-bundle.js" for 127.0.0.1 at 2022-11-28 21:30:17 +0200
Started GET "/api-docs/swagger-ui.css" for 127.0.0.1 at 2022-11-28 21:30:17 +0200
Started GET "/api-docs/v1/swagger.yaml" for 127.0.0.1 at 2022-11-28 21:30:17 +0200
Started GET "/api-docs/index.html" for 127.0.0.1 at 2022-11-28 21:34:15 +0200
Started GET "/api-docs/swagger-ui.css" for 127.0.0.1 at 2022-11-28 21:34:15 +0200
Started GET "/api-docs/swagger-ui-bundle.js" for 127.0.0.1 at 2022-11-28 21:34:15 +0200
Started GET "/api-docs/swagger-ui-standalone-preset.js" for 127.0.0.1 at 2022-11-28 21:34:15 +0200
Started GET "/api-docs/v1/swagger.yaml" for 127.0.0.1 at 2022-11-28 21:34:15 +0200
Started GET "/api-docs/index.html" for 127.0.0.1 at 2022-11-28 21:34:50 +0200
  [1m[36mActiveRecord::SchemaMigration Pluck (0.5ms)[0m  [1m[34mSELECT "schema_migrations"."version" FROM "schema_migrations" ORDER BY "schema_migrations"."version" ASC[0m
Started GET "/api-docs/swagger-ui.css" for 127.0.0.1 at 2022-11-28 21:34:50 +0200
Started GET "/api-docs/swagger-ui-bundle.js" for 127.0.0.1 at 2022-11-28 21:34:50 +0200
Started GET "/api-docs/swagger-ui-standalone-preset.js" for 127.0.0.1 at 2022-11-28 21:34:50 +0200
Started GET "/api-docs/v1/swagger.yaml" for 127.0.0.1 at 2022-11-28 21:34:50 +0200
Started GET "/api-docs/index.html" for 127.0.0.1 at 2022-11-28 21:35:17 +0200
Started GET "/api-docs/swagger-ui.css" for 127.0.0.1 at 2022-11-28 21:35:17 +0200
Started GET "/api-docs/swagger-ui-standalone-preset.js" for 127.0.0.1 at 2022-11-28 21:35:17 +0200
Started GET "/api-docs/swagger-ui-bundle.js" for 127.0.0.1 at 2022-11-28 21:35:17 +0200
Started GET "/api-docs/v1/swagger.yaml" for 127.0.0.1 at 2022-11-28 21:35:17 +0200
Started GET "/api/v1/authors" for 127.0.0.1 at 2022-11-28 21:35:23 +0200
Processing by Api::V1::AuthorsController#index as */*
  [1m[36mAuthor Load (1.3ms)[0m  [1m[34mSELECT "authors".* FROM "authors"[0m
  ↳ app/controllers/api/v1/authors_controller.rb:5:in `index'
Completed 200 OK in 13ms (Views: 1.1ms | ActiveRecord: 1.3ms | Allocations: 17309)


Started POST "/api/v1/authors" for 127.0.0.1 at 2022-11-28 21:35:28 +0200
Processing by Api::V1::AuthorsController#create as */*
  [1m[36mTRANSACTION (0.2ms)[0m  [1m[35mBEGIN[0m
  ↳ app/controllers/api/v1/authors_controller.rb:13:in `create'
  [1m[36mAuthor Create (1.1ms)[0m  [1m[32mINSERT INTO "authors" ("name", "created_at", "updated_at") VALUES ($1, $2, $3) RETURNING "id"[0m  [["name", nil], ["created_at", "2022-11-28 19:35:29.020319"], ["updated_at", "2022-11-28 19:35:29.020319"]]
  ↳ app/controllers/api/v1/authors_controller.rb:13:in `create'
  [1m[36mTRANSACTION (0.5ms)[0m  [1m[35mCOMMIT[0m
  ↳ app/controllers/api/v1/authors_controller.rb:13:in `create'
Completed 200 OK in 32ms (Views: 0.3ms | ActiveRecord: 12.2ms | Allocations: 16601)


Started GET "/api-docs/index.html" for 127.0.0.1 at 2022-11-28 21:37:08 +0200
  [1m[36mActiveRecord::SchemaMigration Pluck (1.0ms)[0m  [1m[34mSELECT "schema_migrations"."version" FROM "schema_migrations" ORDER BY "schema_migrations"."version" ASC[0m
Started GET "/api-docs/swagger-ui.css" for 127.0.0.1 at 2022-11-28 21:37:08 +0200
Started GET "/api-docs/swagger-ui-bundle.js" for 127.0.0.1 at 2022-11-28 21:37:08 +0200
Started GET "/api-docs/swagger-ui-standalone-preset.js" for 127.0.0.1 at 2022-11-28 21:37:08 +0200
Started GET "/api-docs/v1/swagger.yaml" for 127.0.0.1 at 2022-11-28 21:37:08 +0200
Started GET "/api-docs/index.html" for 127.0.0.1 at 2022-11-28 21:48:12 +0200
  [1m[36mActiveRecord::SchemaMigration Pluck (0.6ms)[0m  [1m[34mSELECT "schema_migrations"."version" FROM "schema_migrations" ORDER BY "schema_migrations"."version" ASC[0m
Started GET "/api-docs/swagger-ui.css" for 127.0.0.1 at 2022-11-28 21:48:12 +0200
Started GET "/api-docs/swagger-ui-bundle.js" for 127.0.0.1 at 2022-11-28 21:48:12 +0200
Started GET "/api-docs/swagger-ui-standalone-preset.js" for 127.0.0.1 at 2022-11-28 21:48:12 +0200
Started GET "/api-docs/v1/swagger.yaml" for 127.0.0.1 at 2022-11-28 21:48:13 +0200
Started GET "/api-docs/index.html" for 127.0.0.1 at 2022-11-28 21:51:31 +0200
  [1m[36mActiveRecord::SchemaMigration Pluck (0.5ms)[0m  [1m[34mSELECT "schema_migrations"."version" FROM "schema_migrations" ORDER BY "schema_migrations"."version" ASC[0m
Started GET "/api-docs/swagger-ui.css" for 127.0.0.1 at 2022-11-28 21:51:31 +0200
Started GET "/api-docs/swagger-ui-bundle.js" for 127.0.0.1 at 2022-11-28 21:51:31 +0200
Started GET "/api-docs/swagger-ui-standalone-preset.js" for 127.0.0.1 at 2022-11-28 21:51:31 +0200
Started GET "/api-docs/v1/swagger.yaml" for 127.0.0.1 at 2022-11-28 21:51:31 +0200
Started GET "/api-docs/index.html" for 127.0.0.1 at 2022-11-28 21:52:13 +0200
  [1m[36mActiveRecord::SchemaMigration Pluck (0.5ms)[0m  [1m[34mSELECT "schema_migrations"."version" FROM "schema_migrations" ORDER BY "schema_migrations"."version" ASC[0m
Started GET "/api-docs/swagger-ui.css" for 127.0.0.1 at 2022-11-28 21:52:13 +0200
Started GET "/api-docs/swagger-ui-standalone-preset.js" for 127.0.0.1 at 2022-11-28 21:52:13 +0200
Started GET "/api-docs/swagger-ui-bundle.js" for 127.0.0.1 at 2022-11-28 21:52:13 +0200
Started GET "/api-docs/v1/swagger.yaml" for 127.0.0.1 at 2022-11-28 21:52:13 +0200
Started GET "/api/v1/authors" for 127.0.0.1 at 2022-11-28 21:52:25 +0200
Processing by Api::V1::AuthorsController#index as */*
  [1m[36mAuthor Load (0.8ms)[0m  [1m[34mSELECT "authors".* FROM "authors"[0m
  ↳ app/controllers/api/v1/authors_controller.rb:5:in `index'
Completed 200 OK in 26ms (Views: 6.0ms | ActiveRecord: 5.9ms | Allocations: 31432)


Started GET "/api/v1/authors/1" for 127.0.0.1 at 2022-11-28 21:53:58 +0200
Processing by Api::V1::AuthorsController#show as */*
  Parameters: {"id"=>"1"}
Completed 200 OK in 1ms (Views: 0.2ms | ActiveRecord: 0.0ms | Allocations: 88)


Started GET "/api/v1/authors/2/articles" for 127.0.0.1 at 2022-11-28 21:54:27 +0200
  
ActionController::RoutingError (No route matches [GET] "/api/v1/authors/2/articles"):
  
Started GET "/api/v1/authors/1/articles" for 127.0.0.1 at 2022-11-28 21:54:37 +0200
  
ActionController::RoutingError (No route matches [GET] "/api/v1/authors/1/articles"):
  
Started GET "/api/v1/authors/1/articles" for 127.0.0.1 at 2022-11-28 21:54:45 +0200
  
ActionController::RoutingError (No route matches [GET] "/api/v1/authors/1/articles"):
  
Started POST "/api/v1/authors/1/articles" for 127.0.0.1 at 2022-11-28 21:54:53 +0200
  
ActionController::RoutingError (No route matches [POST] "/api/v1/authors/1/articles"):
  
Started DELETE "/api/v1/authors/1" for 127.0.0.1 at 2022-11-28 21:55:13 +0200
Processing by Api::V1::AuthorsController#destroy as */*
  Parameters: {"id"=>"1"}
  [1m[36mAuthor Load (0.2ms)[0m  [1m[34mSELECT "authors".* FROM "authors" WHERE "authors"."id" = $1 LIMIT $2[0m  [["id", 1], ["LIMIT", 1]]
  ↳ app/controllers/api/v1/authors_controller.rb:24:in `set_author'
  [1m[36mTRANSACTION (0.9ms)[0m  [1m[35mBEGIN[0m
  ↳ app/controllers/api/v1/authors_controller.rb:18:in `destroy'
  [1m[36mComment Load (1.7ms)[0m  [1m[34mSELECT "comments".* FROM "comments" WHERE "comments"."author_id" = $1[0m  [["author_id", 1]]
  ↳ app/controllers/api/v1/authors_controller.rb:18:in `destroy'
  [1m[36mArticle Load (1.0ms)[0m  [1m[34mSELECT "articles".* FROM "articles" WHERE "articles"."author_id" = $1[0m  [["author_id", 1]]
  ↳ app/controllers/api/v1/authors_controller.rb:18:in `destroy'
  [1m[36mAuthor Destroy (0.7ms)[0m  [1m[31mDELETE FROM "authors" WHERE "authors"."id" = $1[0m  [["id", 1]]
  ↳ app/controllers/api/v1/authors_controller.rb:18:in `destroy'
  [1m[36mTRANSACTION (0.6ms)[0m  [1m[35mCOMMIT[0m
  ↳ app/controllers/api/v1/authors_controller.rb:18:in `destroy'
Completed 200 OK in 50ms (Views: 0.1ms | ActiveRecord: 11.2ms | Allocations: 19187)


Started POST "/api/v1/authors" for 127.0.0.1 at 2022-11-28 21:55:19 +0200
Processing by Api::V1::AuthorsController#create as */*
Completed 400 Bad Request in 1ms (ActiveRecord: 0.0ms | Allocations: 178)


  
ActionController::ParameterMissing (param is missing or the value is empty: authors):
  
app/controllers/api/v1/authors_controller.rb:32:in `author_params'
app/controllers/api/v1/authors_controller.rb:13:in `create'
Started POST "/api/v1/authors" for 127.0.0.1 at 2022-11-28 21:55:20 +0200
Processing by Api::V1::AuthorsController#create as */*
Completed 400 Bad Request in 0ms (ActiveRecord: 0.0ms | Allocations: 129)


  
ActionController::ParameterMissing (param is missing or the value is empty: authors):
  
app/controllers/api/v1/authors_controller.rb:32:in `author_params'
app/controllers/api/v1/authors_controller.rb:13:in `create'
Started GET "/api-docs/index.html" for 127.0.0.1 at 2022-11-28 21:56:28 +0200
  [1m[36mActiveRecord::SchemaMigration Pluck (0.5ms)[0m  [1m[34mSELECT "schema_migrations"."version" FROM "schema_migrations" ORDER BY "schema_migrations"."version" ASC[0m
Started GET "/api-docs/swagger-ui.css" for 127.0.0.1 at 2022-11-28 21:56:28 +0200
Started GET "/api-docs/swagger-ui-bundle.js" for 127.0.0.1 at 2022-11-28 21:56:28 +0200
Started GET "/api-docs/swagger-ui-standalone-preset.js" for 127.0.0.1 at 2022-11-28 21:56:28 +0200
Started GET "/api-docs/v1/swagger.yaml" for 127.0.0.1 at 2022-11-28 21:56:28 +0200
Started POST "/api/v1/authors" for 127.0.0.1 at 2022-11-28 21:56:33 +0200
Processing by Api::V1::AuthorsController#create as */*
  [1m[36mTRANSACTION (0.1ms)[0m  [1m[35mBEGIN[0m
  ↳ app/controllers/api/v1/authors_controller.rb:13:in `create'
  [1m[36mAuthor Create (0.6ms)[0m  [1m[32mINSERT INTO "authors" ("name", "created_at", "updated_at") VALUES ($1, $2, $3) RETURNING "id"[0m  [["name", nil], ["created_at", "2022-11-28 19:56:33.748815"], ["updated_at", "2022-11-28 19:56:33.748815"]]
  ↳ app/controllers/api/v1/authors_controller.rb:13:in `create'
  [1m[36mTRANSACTION (0.6ms)[0m  [1m[35mCOMMIT[0m
  ↳ app/controllers/api/v1/authors_controller.rb:13:in `create'
Completed 200 OK in 28ms (Views: 0.3ms | ActiveRecord: 5.1ms | Allocations: 35022)


Started GET "/api-docs/index.html" for 127.0.0.1 at 2022-11-28 22:02:34 +0200
  [1m[36mActiveRecord::SchemaMigration Pluck (0.5ms)[0m  [1m[34mSELECT "schema_migrations"."version" FROM "schema_migrations" ORDER BY "schema_migrations"."version" ASC[0m
Started GET "/api-docs/swagger-ui.css" for 127.0.0.1 at 2022-11-28 22:02:34 +0200
Started GET "/api-docs/swagger-ui-bundle.js" for 127.0.0.1 at 2022-11-28 22:02:34 +0200
Started GET "/api-docs/swagger-ui-standalone-preset.js" for 127.0.0.1 at 2022-11-28 22:02:34 +0200
Started GET "/api-docs/v1/swagger.yaml" for 127.0.0.1 at 2022-11-28 22:02:34 +0200
Started POST "/api/v1/authors?name=Goshi" for 127.0.0.1 at 2022-11-28 22:08:03 +0200
  [1m[36mActiveRecord::SchemaMigration Pluck (2.3ms)[0m  [1m[34mSELECT "schema_migrations"."version" FROM "schema_migrations" ORDER BY "schema_migrations"."version" ASC[0m
Processing by Api::V1::AuthorsController#create as */*
  Parameters: {"api"=>{"_"=>[{"key"=>"requests_max", "value"=>"0"}, {"key"=>"requests_deadline", "value"=>"10s"}, {"key"=>"cluster_deadline", "value"=>"10s"}, {"key"=>"cors_allow_origin", "value"=>"*"}, {"key"=>"remote_transport_deadline", "value"=>"2h"}, {"key"=>"list_quorum", "value"=>"strict"}, {"key"=>"replication_workers", "value"=>"250"}, {"key"=>"replication_failed_workers", "value"=>"8"}, {"key"=>"transition_workers", "value"=>"100"}, {"key"=>"stale_uploads_cleanup_interval", "value"=>"6h"}, {"key"=>"stale_uploads_expiry", "value"=>"24h"}, {"key"=>"delete_cleanup_interval", "value"=>"5m"}, {"key"=>"disable_odirect", "value"=>"off"}, {"key"=>"gzip_objects", "value"=>"off"}]}, "audit_kafka"=>{"_"=>[{"key"=>"enable", "value"=>"off"}, {"key"=>"topic", "value"=>""}, {"key"=>"brokers", "value"=>""}, {"key"=>"sasl_username", "value"=>""}, {"key"=>"sasl_password", "value"=>""}, {"key"=>"sasl_mechanism", "value"=>"plain"}, {"key"=>"client_tls_cert", "value"=>""}, {"key"=>"client_tls_key", "value"=>""}, {"key"=>"tls_client_auth", "value"=>"0"}, {"key"=>"sasl", "value"=>"off"}, {"key"=>"tls", "value"=>"off"}, {"key"=>"tls_skip_verify", "value"=>"off"}, {"key"=>"version", "value"=>""}]}, "audit_webhook"=>{"_"=>[{"key"=>"enable", "value"=>"off"}, {"key"=>"endpoint", "value"=>""}, {"key"=>"auth_token", "value"=>""}, {"key"=>"client_cert", "value"=>""}, {"key"=>"client_key", "value"=>""}, {"key"=>"queue_size", "value"=>"100000"}]}, "cache"=>{"_"=>[{"key"=>"drives", "value"=>""}, {"key"=>"exclude", "value"=>""}, {"key"=>"expiry", "value"=>"90"}, {"key"=>"quota", "value"=>"80"}, {"key"=>"after", "value"=>"0"}, {"key"=>"watermark_low", "value"=>"70"}, {"key"=>"watermark_high", "value"=>"80"}, {"key"=>"range", "value"=>"on"}, {"key"=>"commit", "value"=>""}]}, "compression"=>{"_"=>[{"key"=>"enable", "value"=>"off"}, {"key"=>"allow_encryption", "value"=>"off"}, {"key"=>"extensions", "value"=>".txt,.log,.csv,.json,.tar,.xml,.bin"}, {"key"=>"mime_types", "value"=>"text/*,application/json,application/xml,binary/octet-stream"}]}, "credentials"=>{"_"=>[{"key"=>"access_key", "value"=>"minioadmin"}, {"key"=>"secret_key", "value"=>"minioadmin"}]}, "etcd"=>{"_"=>[{"key"=>"endpoints", "value"=>""}, {"key"=>"path_prefix", "value"=>""}, {"key"=>"coredns_path", "value"=>"/skydns"}, {"key"=>"client_cert", "value"=>""}, {"key"=>"client_cert_key", "value"=>""}]}, "heal"=>{"_"=>[{"key"=>"bitrotscan", "value"=>"off"}, {"key"=>"max_sleep", "value"=>"1s"}, {"key"=>"max_io", "value"=>"100"}]}, "identity_ldap"=>{"_"=>[{"key"=>"server_addr", "value"=>""}, {"key"=>"user_dn_search_base_dn", "value"=>""}, {"key"=>"user_dn_search_filter", "value"=>""}, {"key"=>"group_search_filter", "value"=>""}, {"key"=>"group_search_base_dn", "value"=>""}, {"key"=>"tls_skip_verify", "value"=>"off"}, {"key"=>"server_insecure", "value"=>"off"}, {"key"=>"server_starttls", "value"=>"off"}, {"key"=>"lookup_bind_dn", "value"=>""}, {"key"=>"lookup_bind_password", "value"=>""}]}, "identity_openid"=>{"_"=>[{"key"=>"config_url", "value"=>""}, {"key"=>"client_id", "value"=>""}, {"key"=>"client_secret", "value"=>""}, {"key"=>"claim_name", "value"=>"policy"}, {"key"=>"claim_userinfo", "value"=>""}, {"key"=>"role_policy", "value"=>""}, {"key"=>"claim_prefix", "value"=>""}, {"key"=>"redirect_uri", "value"=>""}, {"key"=>"redirect_uri_dynamic", "value"=>"off"}, {"key"=>"scopes", "value"=>""}]}, "identity_tls"=>{"_"=>[{"key"=>"skip_verify", "value"=>"off"}]}, "logger_webhook"=>{"_"=>[{"key"=>"enable", "value"=>"off"}, {"key"=>"endpoint", "value"=>""}, {"key"=>"auth_token", "value"=>""}, {"key"=>"client_cert", "value"=>""}, {"key"=>"client_key", "value"=>""}, {"key"=>"queue_size", "value"=>"100000"}]}, "notify_amqp"=>{"_"=>[{"key"=>"enable", "value"=>"off"}, {"key"=>"url", "value"=>""}, {"key"=>"exchange", "value"=>""}, {"key"=>"exchange_type", "value"=>""}, {"key"=>"routing_key", "value"=>""}, {"key"=>"mandatory", "value"=>"off"}, {"key"=>"durable", "value"=>"off"}, {"key"=>"no_wait", "value"=>"off"}, {"key"=>"internal", "value"=>"off"}, {"key"=>"auto_deleted", "value"=>"off"}, {"key"=>"delivery_mode", "value"=>"0"}, {"key"=>"publisher_confirms", "value"=>"off"}, {"key"=>"queue_limit", "value"=>"0"}, {"key"=>"queue_dir", "value"=>""}]}, "notify_elasticsearch"=>{"_"=>[{"key"=>"enable", "value"=>"off"}, {"key"=>"url", "value"=>""}, {"key"=>"format", "value"=>"namespace"}, {"key"=>"index", "value"=>""}, {"key"=>"queue_dir", "value"=>""}, {"key"=>"queue_limit", "value"=>"0"}, {"key"=>"username", "value"=>""}, {"key"=>"password", "value"=>""}]}, "notify_kafka"=>{"_"=>[{"key"=>"enable", "value"=>"off"}, {"key"=>"topic", "value"=>""}, {"key"=>"brokers", "value"=>""}, {"key"=>"sasl_username", "value"=>""}, {"key"=>"sasl_password", "value"=>""}, {"key"=>"sasl_mechanism", "value"=>"plain"}, {"key"=>"client_tls_cert", "value"=>""}, {"key"=>"client_tls_key", "value"=>""}, {"key"=>"tls_client_auth", "value"=>"0"}, {"key"=>"sasl", "value"=>"off"}, {"key"=>"tls", "value"=>"off"}, {"key"=>"tls_skip_verify", "value"=>"off"}, {"key"=>"queue_limit", "value"=>"0"}, {"key"=>"queue_dir", "value"=>""}, {"key"=>"version", "value"=>""}]}, "notify_mqtt"=>{"_"=>[{"key"=>"enable", "value"=>"off"}, {"key"=>"broker", "value"=>""}, {"key"=>"topic", "value"=>""}, {"key"=>"password", "value"=>""}, {"key"=>"username", "value"=>""}, {"key"=>"qos", "value"=>"0"}, {"key"=>"keep_alive_interval", "value"=>"0s"}, {"key"=>"reconnect_interval", "value"=>"0s"}, {"key"=>"queue_dir", "value"=>""}, {"key"=>"queue_limit", "value"=>"0"}]}, "notify_mysql"=>{"_"=>[{"key"=>"enable", "value"=>"off"}, {"key"=>"format", "value"=>"namespace"}, {"key"=>"dsn_string", "value"=>""}, {"key"=>"table", "value"=>""}, {"key"=>"queue_dir", "value"=>""}, {"key"=>"queue_limit", "value"=>"0"}, {"key"=>"max_open_connections", "value"=>"2"}]}, "notify_nats"=>{"_"=>[{"key"=>"enable", "value"=>"off"}, {"key"=>"address", "value"=>""}, {"key"=>"subject", "value"=>""}, {"key"=>"username", "value"=>""}, {"key"=>"password", "value"=>""}, {"key"=>"token", "value"=>""}, {"key"=>"tls", "value"=>"off"}, {"key"=>"tls_skip_verify", "value"=>"off"}, {"key"=>"cert_authority", "value"=>""}, {"key"=>"client_cert", "value"=>""}, {"key"=>"client_key", "value"=>""}, {"key"=>"ping_interval", "value"=>"0"}, {"key"=>"streaming", "value"=>"off"}, {"key"=>"streaming_async", "value"=>"off"}, {"key"=>"streaming_max_pub_acks_in_flight", "value"=>"0"}, {"key"=>"streaming_cluster_id", "value"=>""}, {"key"=>"queue_dir", "value"=>""}, {"key"=>"queue_limit", "value"=>"0"}]}, "notify_nsq"=>{"_"=>[{"key"=>"enable", "value"=>"off"}, {"key"=>"nsqd_address", "value"=>""}, {"key"=>"topic", "value"=>""}, {"key"=>"tls", "value"=>"off"}, {"key"=>"tls_skip_verify", "value"=>"off"}, {"key"=>"queue_dir", "value"=>""}, {"key"=>"queue_limit", "value"=>"0"}]}, "notify_postgres"=>{"_"=>[{"key"=>"enable", "value"=>"off"}, {"key"=>"format", "value"=>"namespace"}, {"key"=>"connection_string", "value"=>""}, {"key"=>"table", "value"=>""}, {"key"=>"queue_dir", "value"=>""}, {"key"=>"queue_limit", "value"=>"0"}, {"key"=>"max_open_connections", "value"=>"2"}]}, "notify_redis"=>{"_"=>[{"key"=>"enable", "value"=>"off"}, {"key"=>"format", "value"=>"namespace"}, {"key"=>"address", "value"=>""}, {"key"=>"key", "value"=>""}, {"key"=>"password", "value"=>""}, {"key"=>"queue_dir", "value"=>""}, {"key"=>"queue_limit", "value"=>"0"}]}, "notify_webhook"=>{"_"=>[{"key"=>"enable", "value"=>"off"}, {"key"=>"endpoint", "value"=>""}, {"key"=>"auth_token", "value"=>""}, {"key"=>"queue_limit", "value"=>"0"}, {"key"=>"queue_dir", "value"=>""}, {"key"=>"client_cert", "value"=>""}, {"key"=>"client_key", "value"=>""}], "avatar"=>[{"key"=>"enable", "value"=>"on"}, {"key"=>"endpoint", "value"=>"http://localhost/api/account/s3_webhook"}, {"key"=>"auth_token", "value"=>""}, {"key"=>"queue_limit", "value"=>"0"}, {"key"=>"queue_dir", "value"=>""}, {"key"=>"client_cert", "value"=>""}, {"key"=>"client_key", "value"=>""}], "course"=>[{"key"=>"enable", "value"=>"on"}, {"key"=>"endpoint", "value"=>"http://localhost/api/course/s3_webhook"}, {"key"=>"auth_token", "value"=>""}, {"key"=>"queue_limit", "value"=>"0"}, {"key"=>"queue_dir", "value"=>""}, {"key"=>"client_cert", "value"=>""}, {"key"=>"client_key", "value"=>""}], "event"=>[{"key"=>"enable", "value"=>"on"}, {"key"=>"endpoint", "value"=>"http://localhost/api/event/s3_webhook"}, {"key"=>"auth_token", "value"=>""}, {"key"=>"queue_limit", "value"=>"0"}, {"key"=>"queue_dir", "value"=>""}, {"key"=>"client_cert", "value"=>""}, {"key"=>"client_key", "value"=>""}]}, "policy_opa"=>{"_"=>[{"key"=>"url", "value"=>""}, {"key"=>"auth_token", "value"=>""}]}, "region"=>{"_"=>[{"key"=>"name", "value"=>""}]}, "scanner"=>{"_"=>[{"key"=>"delay", "value"=>"10"}, {"key"=>"max_wait", "value"=>"15s"}, {"key"=>"cycle", "value"=>"1m"}]}, "site"=>{"_"=>[{"key"=>"name", "value"=>""}, {"key"=>"region", "value"=>""}]}, "storage_class"=>{"_"=>nil}, "subnet"=>{"_"=>[{"key"=>"license", "value"=>""}, {"key"=>"api_key", "value"=>""}, {"key"=>"proxy", "value"=>""}]}, "name"=>"Goshi", "author"=>{}}
Completed 500 Internal Server Error in 19ms (ActiveRecord: 22.9ms | Allocations: 28895)


  
ArgumentError (When assigning attributes, you must pass a hash as an argument, String passed.):
  
app/controllers/api/v1/authors_controller.rb:13:in `create'
Started GET "/api-docs/index.html" for 127.0.0.1 at 2022-11-28 22:08:23 +0200
Started GET "/api-docs/swagger-ui.css" for 127.0.0.1 at 2022-11-28 22:08:23 +0200
Started GET "/api-docs/swagger-ui-bundle.js" for 127.0.0.1 at 2022-11-28 22:08:23 +0200
Started GET "/api-docs/swagger-ui-standalone-preset.js" for 127.0.0.1 at 2022-11-28 22:08:23 +0200
Started GET "/api-docs/v1/swagger.yaml" for 127.0.0.1 at 2022-11-28 22:08:23 +0200
Started POST "/api/v1/authors" for 127.0.0.1 at 2022-11-28 22:08:30 +0200
Processing by Api::V1::AuthorsController#create as */*
  [1m[36mTRANSACTION (0.4ms)[0m  [1m[35mBEGIN[0m
  ↳ app/controllers/api/v1/authors_controller.rb:13:in `create'
  [1m[36mAuthor Create (2.2ms)[0m  [1m[32mINSERT INTO "authors" ("name", "created_at", "updated_at") VALUES ($1, $2, $3) RETURNING "id"[0m  [["name", nil], ["created_at", "2022-11-28 20:08:30.739498"], ["updated_at", "2022-11-28 20:08:30.739498"]]
  ↳ app/controllers/api/v1/authors_controller.rb:13:in `create'
  [1m[36mTRANSACTION (1.4ms)[0m  [1m[35mCOMMIT[0m
  ↳ app/controllers/api/v1/authors_controller.rb:13:in `create'
Completed 200 OK in 17ms (Views: 0.6ms | ActiveRecord: 4.0ms | Allocations: 2564)


Started POST "/api/v1/authors?name=Goshi" for 127.0.0.1 at 2022-11-28 22:08:53 +0200
Processing by Api::V1::AuthorsController#create as */*
  Parameters: {"name"=>"Goshi"}
Completed 500 Internal Server Error in 0ms (ActiveRecord: 0.0ms | Allocations: 124)


  
ArgumentError (When assigning attributes, you must pass a hash as an argument, String passed.):
  
app/controllers/api/v1/authors_controller.rb:13:in `create'
Started POST "/api/v1/authors" for 127.0.0.1 at 2022-11-28 22:09:01 +0200
Processing by Api::V1::AuthorsController#create as */*
  [1m[36mTRANSACTION (2.1ms)[0m  [1m[35mBEGIN[0m
  ↳ app/controllers/api/v1/authors_controller.rb:13:in `create'
  [1m[36mAuthor Create (0.5ms)[0m  [1m[32mINSERT INTO "authors" ("name", "created_at", "updated_at") VALUES ($1, $2, $3) RETURNING "id"[0m  [["name", nil], ["created_at", "2022-11-28 20:09:01.808689"], ["updated_at", "2022-11-28 20:09:01.808689"]]
  ↳ app/controllers/api/v1/authors_controller.rb:13:in `create'
  [1m[36mTRANSACTION (1.3ms)[0m  [1m[35mCOMMIT[0m
  ↳ app/controllers/api/v1/authors_controller.rb:13:in `create'
Completed 200 OK in 11ms (Views: 0.2ms | ActiveRecord: 3.8ms | Allocations: 1803)


Started POST "/api/v1/authors?name=Lol" for 127.0.0.1 at 2022-11-28 22:09:09 +0200
Processing by Api::V1::AuthorsController#create as */*
  Parameters: {"name"=>"Lol"}
Completed 500 Internal Server Error in 0ms (ActiveRecord: 0.0ms | Allocations: 124)


  
ArgumentError (When assigning attributes, you must pass a hash as an argument, String passed.):
  
app/controllers/api/v1/authors_controller.rb:13:in `create'
